2023-07-06 11:12:52,580 - config.db - WARNING - (1064, "You have an error in your SQL syntax; check the manual that corresponds to your MySQL server version for the right syntax to use near '= 2213746676914438' at line 1")
2023-07-06 14:56:20,229 - config.db - WARNING - (1054, "Unknown column 'Ææ¹Ö' in 'where clause'")
2023-07-06 14:57:12,294 - config.db - WARNING - (1054, "Unknown column 'Ææ¹Ö' in 'where clause'")
2023-07-06 14:57:12,373 - config.db - WARNING - (1064, "You have an error in your SQL syntax; check the manual that corresponds to your MySQL server version for the right syntax to use near '' at line 1")
2023-07-06 14:57:12,446 - config.db - WARNING - (1064, "You have an error in your SQL syntax; check the manual that corresponds to your MySQL server version for the right syntax to use near '' at line 1")
2023-07-06 14:57:12,526 - config.db - WARNING - (1064, "You have an error in your SQL syntax; check the manual that corresponds to your MySQL server version for the right syntax to use near 'where de.status =0' at line 1")
2023-07-06 14:58:28,619 - config.db - WARNING - (1054, "Unknown column 'Ææ¹Ö' in 'where clause'")
2023-07-06 14:58:29,075 - config.db - WARNING - (1064, "You have an error in your SQL syntax; check the manual that corresponds to your MySQL server version for the right syntax to use near '' at line 1")
2023-07-06 14:58:29,147 - config.db - WARNING - (1064, "You have an error in your SQL syntax; check the manual that corresponds to your MySQL server version for the right syntax to use near '' at line 1")
2023-07-06 14:58:52,933 - config.db - WARNING - (1054, "Unknown column 'Ææ¹Ö¹ûÔ°' in 'where clause'")
2023-07-06 14:58:53,004 - config.db - WARNING - (1064, "You have an error in your SQL syntax; check the manual that corresponds to your MySQL server version for the right syntax to use near '' at line 1")
2023-07-06 14:58:53,060 - config.db - WARNING - (1064, "You have an error in your SQL syntax; check the manual that corresponds to your MySQL server version for the right syntax to use near '' at line 1")
2023-07-06 14:59:35,491 - config.db - WARNING - (1054, "Unknown column 'Ææ¹Ö¹ûÔ°' in 'where clause'")
2023-07-06 14:59:35,563 - config.db - WARNING - (1064, "You have an error in your SQL syntax; check the manual that corresponds to your MySQL server version for the right syntax to use near '' at line 1")
2023-07-06 14:59:35,649 - config.db - WARNING - (1064, "You have an error in your SQL syntax; check the manual that corresponds to your MySQL server version for the right syntax to use near '' at line 1")
2023-07-06 15:01:17,535 - config.db - WARNING - (1064, "You have an error in your SQL syntax; check the manual that corresponds to your MySQL server version for the right syntax to use near '' at line 1")
2023-07-06 15:01:17,926 - config.db - WARNING - (1064, "You have an error in your SQL syntax; check the manual that corresponds to your MySQL server version for the right syntax to use near '' at line 1")
2023-07-06 15:01:18,002 - config.db - WARNING - (1064, "You have an error in your SQL syntax; check the manual that corresponds to your MySQL server version for the right syntax to use near '' at line 1")
2023-07-06 15:51:38,508 - config.db - WARNING - (1064, "You have an error in your SQL syntax; check the manual that corresponds to your MySQL server version for the right syntax to use near '' at line 1")
2023-07-06 15:51:47,389 - config.db - WARNING - (1064, "You have an error in your SQL syntax; check the manual that corresponds to your MySQL server version for the right syntax to use near '' at line 1")
2023-07-06 16:36:05,744 - config.db - WARNING - (1064, "You have an error in your SQL syntax; check the manual that corresponds to your MySQL server version for the right syntax to use near '' at line 1")
2023-07-06 16:36:05,810 - config.db - WARNING - (1064, "You have an error in your SQL syntax; check the manual that corresponds to your MySQL server version for the right syntax to use near '' at line 1")
