2023-07-11 10:52:59,830 - config.db - WARNING - (1054, "Unknown column 'investor_id' in 'field list'")
2023-07-11 10:55:15,710 - config.db - WARNING - (1054, "Unknown column 'investor_id' in 'field list'")
2023-07-11 11:30:06,004 - config.db - WARNING - (1064, "You have an error in your SQL syntax; check the manual that corresponds to your MySQL server version for the right syntax to use near '.user_bind_mobile m left join  mus.user_info_base b  on m.user_id=b.user_id WHER' at line 1")
2023-07-11 11:37:30,981 - config.db - WARNING - (1064, "You have an error in your SQL syntax; check the manual that corresponds to your MySQL server version for the right syntax to use near '.user_bind_mobile m left join  mus.user_info_base b  on m.user_id=b.user_id WHER' at line 1")
2023-07-11 11:38:03,335 - config.db - WARNING - (1064, "You have an error in your SQL syntax; check the manual that corresponds to your MySQL server version for the right syntax to use near '.user_bind_mobile m left join  mus.user_info_base b  on m.user_id=b.user_id WHER' at line 1")
2023-07-11 11:39:04,683 - config.db - WARNING - (1054, "Unknown column 'investor_id' in 'field list'")
2023-07-11 13:09:28,211 - config.db - WARNING - (1054, "Unknown column 'investor_id' in 'field list'")
2023-07-11 13:21:09,511 - config.db - WARNING - (1054, "Unknown column 'investor_id' in 'field list'")
2023-07-11 13:22:11,928 - config.db - WARNING - (1054, "Unknown column 'investor_id' in 'field list'")
2023-07-11 13:22:46,963 - config.db - WARNING - (1054, "Unknown column 'investor_id' in 'field list'")
2023-07-11 13:22:52,239 - config.db - WARNING - (1054, "Unknown column 'investor_id' in 'field list'")
2023-07-11 13:23:01,073 - config.db - WARNING - (1054, "Unknown column 'investor_id' in 'field list'")
2023-07-11 13:24:11,723 - config.db - WARNING - (1054, "Unknown column 'investor_id' in 'field list'")
2023-07-11 13:27:19,524 - config.db - WARNING - (1054, "Unknown column 'investor_id' in 'field list'")
2023-07-11 13:27:37,771 - config.db - WARNING - (1054, "Unknown column 'investor_id' in 'field list'")
2023-07-11 13:27:44,947 - config.db - WARNING - (1054, "Unknown column 'investor_id' in 'field list'")
2023-07-11 13:28:18,754 - config.db - WARNING - (1054, "Unknown column 'investor_id' in 'field list'")
2023-07-11 13:47:56,360 - config.db - WARNING - (1054, "Unknown column 'investor_id' in 'field list'")
2023-07-11 13:49:11,899 - config.db - WARNING - (1054, "Unknown column 'investor_id' in 'field list'")
2023-07-11 13:51:16,540 - config.db - WARNING - (1054, "Unknown column 'investor_id' in 'field list'")
2023-07-11 13:53:33,513 - config.db - WARNING - (1054, "Unknown column 'investor_id' in 'field list'")
2023-07-11 13:54:16,241 - config.db - WARNING - (1054, "Unknown column 'investor_id' in 'field list'")
2023-07-11 13:54:25,376 - config.db - WARNING - (1054, "Unknown column 'investor_id' in 'field list'")
2023-07-11 13:54:34,582 - config.db - WARNING - (1054, "Unknown column 'investor_id' in 'field list'")
2023-07-11 13:54:53,955 - config.db - WARNING - (1054, "Unknown column 'investor_id' in 'field list'")
2023-07-11 13:55:37,385 - config.db - WARNING - (1054, "Unknown column 'investor_id' in 'field list'")
2023-07-11 13:59:55,275 - config.db - WARNING - (1054, "Unknown column 'investor_id' in 'field list'")
2023-07-11 14:00:30,374 - config.db - WARNING - (1054, "Unknown column 'investor_id' in 'field list'")
2023-07-11 14:01:16,055 - config.db - WARNING - (1054, "Unknown column 'investor_id' in 'field list'")
2023-07-11 14:02:11,503 - config.db - WARNING - (1054, "Unknown column 'investor_id' in 'field list'")
2023-07-11 14:06:48,970 - config.db - WARNING - (1064, "You have an error in your SQL syntax; check the manual that corresponds to your MySQL server version for the right syntax to use near 'f.id) from pms_company_financing f inner join pms_company_project p on p.company' at line 1")
2023-07-11 14:06:49,229 - config.db - WARNING - (1064, "You have an error in your SQL syntax; check the manual that corresponds to your MySQL server version for the right syntax to use near '= 2219383307042308' at line 1")
2023-07-11 14:08:23,600 - config.db - WARNING - (1044, "Access denied for user 'liuyanmei'@'%' to database 'mus_pre'")
2023-07-11 14:09:09,866 - config.db - WARNING - (1044, "Access denied for user 'liuyanmei'@'%' to database 'mus_pre'")
2023-07-11 14:12:01,468 - config.db - WARNING - (1064, "You have an error in your SQL syntax; check the manual that corresponds to your MySQL server version for the right syntax to use near 'f.id) from pms_company_financing f inner join pms_company_project p on p.company' at line 1")
2023-07-11 14:12:01,671 - config.db - WARNING - (1064, "You have an error in your SQL syntax; check the manual that corresponds to your MySQL server version for the right syntax to use near '= 2219383307042308' at line 1")
2023-07-11 14:36:09,905 - config.db - WARNING - (1064, "You have an error in your SQL syntax; check the manual that corresponds to your MySQL server version for the right syntax to use near 'f.id) from pms_company_financing f inner join pms_company_project p on p.company' at line 1")
2023-07-11 14:36:10,111 - config.db - WARNING - (1064, "You have an error in your SQL syntax; check the manual that corresponds to your MySQL server version for the right syntax to use near '= 2219383307042308' at line 1")
2023-07-11 15:22:30,049 - config.db - WARNING - (1044, "Access denied for user 'liuyanmei'@'%' to database 'mus_pre'")
2023-07-11 15:22:52,222 - config.db - WARNING - (1054, "Unknown column 'investor_id' in 'field list'")
2023-07-11 15:27:10,851 - config.db - WARNING - (1054, "Unknown column 'investor_id' in 'field list'")
2023-07-11 15:27:45,429 - config.db - WARNING - (1054, "Unknown column 'investor_id' in 'field list'")
2023-07-11 15:28:42,675 - config.db - WARNING - (1054, "Unknown column 'investor_id' in 'field list'")
2023-07-11 15:30:05,443 - config.db - WARNING - (1054, "Unknown column 'investor_id' in 'field list'")
2023-07-11 15:32:49,335 - config.db - WARNING - (1054, "Unknown column 'investor_id' in 'field list'")
2023-07-11 15:33:07,657 - config.db - WARNING - (1054, "Unknown column 'investor_id' in 'field list'")
2023-07-11 15:35:35,338 - config.db - WARNING - (1054, "Unknown column 'investor_id' in 'field list'")
2023-07-11 15:43:10,120 - config.db - WARNING - (1054, "Unknown column 'investor_id' in 'field list'")
2023-07-11 15:43:29,645 - config.db - WARNING - (1054, "Unknown column 'None' in 'where clause'")
2023-07-11 15:45:33,098 - config.db - WARNING - (1054, "Unknown column 'investor_id' in 'field list'")
2023-07-11 15:45:50,581 - config.db - WARNING - (1054, "Unknown column 'investor_id' in 'field list'")
2023-07-11 15:46:10,718 - config.db - WARNING - (1054, "Unknown column 'investor_id' in 'field list'")
2023-07-11 16:06:09,328 - config.db - WARNING - (1064, "You have an error in your SQL syntax; check the manual that corresponds to your MySQL server version for the right syntax to use near 'f.id) from pms_company_financing f inner join pms_company_project p on p.company' at line 1")
2023-07-11 16:06:09,499 - config.db - WARNING - (1064, "You have an error in your SQL syntax; check the manual that corresponds to your MySQL server version for the right syntax to use near '= 2332343209268486' at line 1")
2023-07-11 16:11:15,814 - config.db - WARNING - (1064, "You have an error in your SQL syntax; check the manual that corresponds to your MySQL server version for the right syntax to use near '' at line 1")
2023-07-11 16:11:57,951 - config.db - WARNING - (1064, "You have an error in your SQL syntax; check the manual that corresponds to your MySQL server version for the right syntax to use near '' at line 1")
2023-07-11 17:58:16,815 - config.db - WARNING - (1064, "You have an error in your SQL syntax; check the manual that corresponds to your MySQL server version for the right syntax to use near 'f.id) from pms_company_financing f inner join pms_company_project p on p.company' at line 1")
2023-07-11 17:58:17,027 - config.db - WARNING - (1064, "You have an error in your SQL syntax; check the manual that corresponds to your MySQL server version for the right syntax to use near '= 2332343209268486' at line 1")
2023-07-11 17:59:13,885 - config.db - WARNING - (1064, "You have an error in your SQL syntax; check the manual that corresponds to your MySQL server version for the right syntax to use near 'f.id) from pms_company_financing f inner join pms_company_project p on p.company' at line 1")
2023-07-11 17:59:38,439 - config.db - WARNING - (1064, "You have an error in your SQL syntax; check the manual that corresponds to your MySQL server version for the right syntax to use near 'f.id) from pms_company_financing f inner join pms_company_project p on p.company' at line 1")
2023-07-11 18:03:22,046 - config.db - WARNING - (1064, "You have an error in your SQL syntax; check the manual that corresponds to your MySQL server version for the right syntax to use near 'f.id) from pms_company_financing f inner join pms_company_project p on p.company' at line 1")
2023-07-11 18:03:22,246 - config.db - WARNING - (1064, "You have an error in your SQL syntax; check the manual that corresponds to your MySQL server version for the right syntax to use near '= 2332343209268486' at line 1")
2023-07-11 18:04:00,859 - config.db - WARNING - (1064, "You have an error in your SQL syntax; check the manual that corresponds to your MySQL server version for the right syntax to use near 'f.id) from pms_company_financing f inner join pms_company_project p on p.company' at line 1")
2023-07-11 18:05:13,037 - config.db - WARNING - (1064, "You have an error in your SQL syntax; check the manual that corresponds to your MySQL server version for the right syntax to use near 'f.id) from pms_company_financing f inner join pms_company_project p on p.company' at line 1")
2023-07-11 18:06:21,944 - config.db - WARNING - (1064, "You have an error in your SQL syntax; check the manual that corresponds to your MySQL server version for the right syntax to use near 'f.id) from pms_company_financing f inner join pms_company_project p on p.company' at line 1")
2023-07-11 18:06:48,322 - config.db - WARNING - (1064, "You have an error in your SQL syntax; check the manual that corresponds to your MySQL server version for the right syntax to use near 'f.id) from pms_company_financing f inner join pms_company_project p on p.company' at line 1")
2023-07-11 18:07:13,218 - config.db - WARNING - (1064, "You have an error in your SQL syntax; check the manual that corresponds to your MySQL server version for the right syntax to use near 'f.id) from pms_company_financing f inner join pms_company_project p on p.company' at line 1")
2023-07-11 18:07:44,328 - config.db - WARNING - (1064, "You have an error in your SQL syntax; check the manual that corresponds to your MySQL server version for the right syntax to use near 'f.id) from pms_company_financing f inner join pms_company_project p on p.company' at line 1")
2023-07-11 18:08:27,546 - config.db - WARNING - (1064, "You have an error in your SQL syntax; check the manual that corresponds to your MySQL server version for the right syntax to use near 'f.id) from pms_company_financing f inner join pms_company_project p on p.company' at line 1")
2023-07-11 18:08:56,359 - config.db - WARNING - (1064, "You have an error in your SQL syntax; check the manual that corresponds to your MySQL server version for the right syntax to use near 'f.id) from pms_company_financing f inner join pms_company_project p on p.company' at line 1")
2023-07-11 18:09:42,610 - config.db - WARNING - (1064, "You have an error in your SQL syntax; check the manual that corresponds to your MySQL server version for the right syntax to use near '' at line 1")
2023-07-11 18:09:42,676 - config.db - WARNING - (1064, "You have an error in your SQL syntax; check the manual that corresponds to your MySQL server version for the right syntax to use near '' at line 1")
2023-07-11 18:09:52,333 - config.db - WARNING - (1054, "Unknown column 'None' in 'where clause'")
2023-07-11 18:09:52,385 - config.db - WARNING - (1054, "Unknown column 'None' in 'where clause'")
2023-07-11 18:10:26,780 - config.db - WARNING - (1054, "Unknown column 'None' in 'where clause'")
2023-07-11 18:10:27,021 - config.db - WARNING - (1054, "Unknown column 'None' in 'where clause'")
2023-07-11 18:25:55,326 - config.db - WARNING - (1054, "Unknown column 'None' in 'where clause'")
2023-07-11 18:25:55,397 - config.db - WARNING - (1054, "Unknown column 'None' in 'where clause'")
2023-07-11 18:39:13,477 - config.db - WARNING - (1064, "You have an error in your SQL syntax; check the manual that corresponds to your MySQL server version for the right syntax to use near 'f.id) from pms_company_financing f inner join pms_company_project p on p.company' at line 1")
2023-07-11 18:52:58,707 - config.db - WARNING - (1054, "Unknown column 'investor_id' in 'field list'")
2023-07-11 18:53:51,970 - config.db - WARNING - (1054, "Unknown column 'investor_id' in 'field list'")
2023-07-11 18:53:54,771 - config.db - WARNING - (1054, "Unknown column 'investor_id' in 'field list'")
2023-07-11 18:54:55,359 - config.db - WARNING - (1054, "Unknown column 'investor_id' in 'field list'")
2023-07-11 18:55:12,036 - config.db - WARNING - (1054, "Unknown column 'investor_id' in 'field list'")
2023-07-11 18:56:06,164 - config.db - WARNING - (1054, "Unknown column 'investor_id' in 'field list'")
2023-07-11 18:56:37,832 - config.db - WARNING - (1054, "Unknown column 'investor_id' in 'field list'")
2023-07-11 18:56:43,337 - config.db - WARNING - (1054, "Unknown column 'investor_id' in 'field list'")
2023-07-11 18:57:01,238 - config.db - WARNING - (1054, "Unknown column 'investor_id' in 'field list'")
2023-07-11 18:57:17,131 - config.db - WARNING - (1054, "Unknown column 'investor_id' in 'field list'")
2023-07-11 18:57:32,958 - config.db - WARNING - (1054, "Unknown column 'investor_id' in 'field list'")
2023-07-11 18:57:44,815 - config.db - WARNING - (1054, "Unknown column 'investor_id' in 'field list'")
2023-07-11 18:58:13,839 - config.db - WARNING - (1054, "Unknown column 'investor_id' in 'field list'")
2023-07-11 18:58:23,742 - config.db - WARNING - (1054, "Unknown column 'investor_id' in 'field list'")
2023-07-11 18:58:38,657 - config.db - WARNING - (1054, "Unknown column 'investor_id' in 'field list'")
2023-07-11 18:58:41,626 - config.db - WARNING - (1054, "Unknown column 'investor_id' in 'field list'")
2023-07-11 18:58:57,884 - config.db - WARNING - (1054, "Unknown column 'investor_id' in 'field list'")
2023-07-11 19:00:35,564 - config.db - WARNING - (1054, "Unknown column 'investor_id' in 'field list'")
2023-07-11 19:01:53,557 - config.db - WARNING - (1054, "Unknown column 'investor_id' in 'field list'")
2023-07-11 19:02:48,069 - config.db - WARNING - (1054, "Unknown column 'investor_id' in 'field list'")
2023-07-11 19:03:04,878 - config.db - WARNING - (1054, "Unknown column 'investor_id' in 'field list'")
2023-07-11 19:03:16,436 - config.db - WARNING - (1054, "Unknown column 'investor_id' in 'field list'")
2023-07-11 19:03:40,355 - config.db - WARNING - (1054, "Unknown column 'investor_id' in 'field list'")
2023-07-11 19:04:06,576 - config.db - WARNING - (1054, "Unknown column 'investor_id' in 'field list'")
2023-07-11 19:04:42,716 - config.db - WARNING - (1054, "Unknown column 'investor_id' in 'field list'")
2023-07-11 19:05:25,788 - config.db - WARNING - (1054, "Unknown column 'investor_id' in 'field list'")
2023-07-11 19:05:46,574 - config.db - WARNING - (1054, "Unknown column 'investor_id' in 'field list'")
2023-07-11 19:05:47,267 - config.db - WARNING - (1054, "Unknown column 'investor_id' in 'field list'")
2023-07-11 19:05:47,823 - config.db - WARNING - (1054, "Unknown column 'investor_id' in 'field list'")
2023-07-11 19:10:01,511 - config.db - WARNING - (1054, "Unknown column 'investor_id' in 'field list'")
2023-07-11 19:10:50,611 - config.db - WARNING - (1054, "Unknown column 'investor_id' in 'field list'")
2023-07-11 19:11:06,151 - config.db - WARNING - (1054, "Unknown column 'investor_id' in 'field list'")
