2023-07-12 10:07:38,586 - config.db - WARNING - (1054, "Unknown column 'investor_id' in 'field list'")
2023-07-12 10:08:54,369 - config.db - WARNING - (1054, "Unknown column 'investor_id' in 'field list'")
2023-07-12 10:09:46,761 - config.db - WARNING - (1054, "Unknown column 'investor_id' in 'field list'")
2023-07-12 10:10:16,956 - config.db - WARNING - (1054, "Unknown column 'investor_id' in 'field list'")
2023-07-12 10:10:43,350 - config.db - WARNING - (1054, "Unknown column 'investor_id' in 'field list'")
2023-07-12 10:11:21,654 - config.db - WARNING - (1054, "Unknown column 'investor_id' in 'field list'")
2023-07-12 10:12:03,369 - config.db - WARNING - (1054, "Unknown column 'investor_id' in 'field list'")
2023-07-12 10:12:21,012 - config.db - WARNING - (1054, "Unknown column 'investor_id' in 'field list'")
2023-07-12 10:12:30,749 - config.db - WARNING - (1054, "Unknown column 'investor_id' in 'field list'")
2023-07-12 10:18:25,873 - config.db - WARNING - (1054, "Unknown column 'investor_id' in 'field list'")
2023-07-12 10:18:53,161 - config.db - WARNING - (1054, "Unknown column 'investor_id' in 'field list'")
2023-07-12 10:19:43,920 - config.db - WARNING - (1054, "Unknown column 'investor_id' in 'field list'")
2023-07-12 10:33:51,667 - config.db - WARNING - (1064, "You have an error in your SQL syntax; check the manual that corresponds to your MySQL server version for the right syntax to use near 'f.id) from pms_company_financing f inner join pms_company_project p on p.company' at line 1")
2023-07-12 14:25:02,827 - config.db - WARNING - (1054, "Unknown column 'investor_id' in 'field list'")
2023-07-12 14:25:31,079 - config.db - WARNING - (1054, "Unknown column 'investor_id' in 'field list'")
2023-07-12 14:25:42,560 - config.db - WARNING - (1054, "Unknown column 'investor_id' in 'field list'")
2023-07-12 14:25:51,809 - config.db - WARNING - (1054, "Unknown column 'investor_id' in 'field list'")
2023-07-12 14:25:58,688 - config.db - WARNING - (1054, "Unknown column 'investor_id' in 'field list'")
2023-07-12 14:26:14,579 - config.db - WARNING - (1054, "Unknown column 'investor_id' in 'field list'")
2023-07-12 14:26:32,406 - config.db - WARNING - (1054, "Unknown column 'investor_id' in 'field list'")
2023-07-12 14:26:38,613 - config.db - WARNING - (1054, "Unknown column 'investor_id' in 'field list'")
2023-07-12 14:27:02,632 - config.db - WARNING - (1054, "Unknown column 'investor_id' in 'field list'")
2023-07-12 14:28:52,607 - config.db - WARNING - (1054, "Unknown column 'investor_id' in 'field list'")
2023-07-12 14:29:39,235 - config.db - WARNING - (1054, "Unknown column 'investor_id' in 'field list'")
2023-07-12 14:30:07,762 - config.db - WARNING - (1054, "Unknown column 'investor_id' in 'field list'")
2023-07-12 14:30:31,803 - config.db - WARNING - (1054, "Unknown column 'investor_id' in 'field list'")
2023-07-12 14:31:14,671 - config.db - WARNING - (1054, "Unknown column 'investor_id' in 'field list'")
2023-07-12 14:32:00,341 - config.db - WARNING - (1054, "Unknown column 'investor_id' in 'field list'")
2023-07-12 14:32:20,524 - config.db - WARNING - (1054, "Unknown column 'investor_id' in 'field list'")
2023-07-12 14:38:39,465 - config.db - WARNING - (1064, "You have an error in your SQL syntax; check the manual that corresponds to your MySQL server version for the right syntax to use near 'f.id) from pms_company_financing f inner join pms_company_project p on p.company' at line 1")
2023-07-12 14:39:03,801 - config.db - WARNING - (1064, "You have an error in your SQL syntax; check the manual that corresponds to your MySQL server version for the right syntax to use near 'f.id) from pms_company_financing f inner join pms_company_project p on p.company' at line 1")
2023-07-12 14:40:57,439 - config.db - WARNING - (1064, "You have an error in your SQL syntax; check the manual that corresponds to your MySQL server version for the right syntax to use near 'f.id) from pms_company_financing f inner join pms_company_project p on p.company' at line 1")
2023-07-12 14:43:34,316 - config.db - WARNING - (1064, "You have an error in your SQL syntax; check the manual that corresponds to your MySQL server version for the right syntax to use near 'f.id) from pms_company_financing f inner join pms_company_project p on p.company' at line 1")
2023-07-12 14:43:46,836 - config.db - WARNING - (1064, "You have an error in your SQL syntax; check the manual that corresponds to your MySQL server version for the right syntax to use near 'f.id) from pms_company_financing f inner join pms_company_project p on p.company' at line 1")
2023-07-12 14:44:29,986 - config.db - WARNING - (1064, "You have an error in your SQL syntax; check the manual that corresponds to your MySQL server version for the right syntax to use near 'f.id) from pms_company_financing f inner join pms_company_project p on p.company' at line 1")
2023-07-12 14:46:42,660 - config.db - WARNING - (1064, "You have an error in your SQL syntax; check the manual that corresponds to your MySQL server version for the right syntax to use near 'f.id) from pms_company_financing f inner join pms_company_project p on p.company' at line 1")
2023-07-12 14:47:15,598 - config.db - WARNING - (1064, "You have an error in your SQL syntax; check the manual that corresponds to your MySQL server version for the right syntax to use near 'f.id) from pms_company_financing f inner join pms_company_project p on p.company' at line 1")
2023-07-12 14:47:58,943 - config.db - WARNING - (1064, "You have an error in your SQL syntax; check the manual that corresponds to your MySQL server version for the right syntax to use near 'f.id) from pms_company_financing f inner join pms_company_project p on p.company' at line 1")
2023-07-12 14:49:29,920 - config.db - WARNING - (1064, "You have an error in your SQL syntax; check the manual that corresponds to your MySQL server version for the right syntax to use near 'f.id) from pms_company_financing f inner join pms_company_project p on p.company' at line 1")
2023-07-12 14:52:12,380 - config.db - WARNING - (1064, "You have an error in your SQL syntax; check the manual that corresponds to your MySQL server version for the right syntax to use near 'f.id) from pms_company_financing f inner join pms_company_project p on p.company' at line 1")
2023-07-12 15:04:16,011 - config.db - WARNING - (1064, "You have an error in your SQL syntax; check the manual that corresponds to your MySQL server version for the right syntax to use near 'order by rand() limit 2' at line 1")
2023-07-12 15:04:39,610 - config.db - WARNING - (1064, "You have an error in your SQL syntax; check the manual that corresponds to your MySQL server version for the right syntax to use near 'order by rand() limit 2' at line 1")
2023-07-12 15:58:33,388 - config.db - WARNING - (1064, "You have an error in your SQL syntax; check the manual that corresponds to your MySQL server version for the right syntax to use near '' at line 1")
2023-07-12 15:58:49,026 - config.db - WARNING - (1064, "You have an error in your SQL syntax; check the manual that corresponds to your MySQL server version for the right syntax to use near '' at line 1")
2023-07-12 16:04:12,939 - config.db - WARNING - (1054, "Unknown column 'investor_id' in 'field list'")
2023-07-12 16:04:13,700 - config.db - WARNING - (1054, "Unknown column 'investor_id' in 'field list'")
2023-07-12 17:36:11,986 - config.db - WARNING - (1054, "Unknown column 'investor_id' in 'field list'")
2023-07-12 17:36:40,348 - config.db - WARNING - (1054, "Unknown column 'investor_id' in 'field list'")
2023-07-12 17:36:40,817 - config.db - WARNING - (1054, "Unknown column 'investor_id' in 'field list'")
2023-07-12 17:37:35,656 - config.db - WARNING - (1054, "Unknown column 'investor_id' in 'field list'")
2023-07-12 17:37:36,147 - config.db - WARNING - (1054, "Unknown column 'investor_id' in 'field list'")
2023-07-12 17:38:02,840 - config.db - WARNING - (1054, "Unknown column 'investor_id' in 'field list'")
2023-07-12 17:38:03,294 - config.db - WARNING - (1054, "Unknown column 'investor_id' in 'field list'")
2023-07-12 17:38:13,960 - config.db - WARNING - (1054, "Unknown column 'investor_id' in 'field list'")
2023-07-12 17:38:14,382 - config.db - WARNING - (1054, "Unknown column 'investor_id' in 'field list'")
2023-07-12 17:38:37,878 - config.db - WARNING - (1054, "Unknown column 'investor_id' in 'field list'")
2023-07-12 17:38:38,528 - config.db - WARNING - (1054, "Unknown column 'investor_id' in 'field list'")
2023-07-12 17:40:52,890 - config.db - WARNING - (1054, "Unknown column 'investor_id' in 'field list'")
2023-07-12 17:40:53,364 - config.db - WARNING - (1054, "Unknown column 'investor_id' in 'field list'")
2023-07-12 17:41:37,593 - config.db - WARNING - (1054, "Unknown column 'investor_id' in 'field list'")
2023-07-12 17:41:54,181 - config.db - WARNING - (1054, "Unknown column 'investor_id' in 'field list'")
2023-07-12 17:46:44,216 - config.db - WARNING - (1054, "Unknown column 'investor_id' in 'field list'")
2023-07-12 17:46:48,708 - config.db - WARNING - (1054, "Unknown column 'investor_id' in 'field list'")
2023-07-12 17:47:18,438 - config.db - WARNING - (1054, "Unknown column 'investor_id' in 'field list'")
2023-07-12 17:47:18,939 - config.db - WARNING - (1054, "Unknown column 'investor_id' in 'field list'")
2023-07-12 17:48:10,126 - config.db - WARNING - (1054, "Unknown column 'investor_id' in 'field list'")
2023-07-12 17:48:50,632 - config.db - WARNING - (1054, "Unknown column 'investor_id' in 'field list'")
2023-07-12 17:55:12,874 - config.db - WARNING - (1054, "Unknown column 'investor_id' in 'field list'")
2023-07-12 17:55:37,650 - config.db - WARNING - (1054, "Unknown column 'investor_id' in 'field list'")
2023-07-12 17:59:03,690 - config.db - WARNING - (1054, "Unknown column 'investor_id' in 'field list'")
2023-07-12 17:59:32,614 - config.db - WARNING - (1054, "Unknown column 'investor_id' in 'field list'")
2023-07-12 17:59:33,057 - config.db - WARNING - (1054, "Unknown column 'investor_id' in 'field list'")
2023-07-12 17:59:37,251 - config.db - WARNING - (1054, "Unknown column 'investor_id' in 'field list'")
2023-07-12 18:01:44,443 - config.db - WARNING - (1054, "Unknown column 'investor_id' in 'field list'")
2023-07-12 18:02:11,804 - config.db - WARNING - (1054, "Unknown column 'investor_id' in 'field list'")
2023-07-12 18:02:12,240 - config.db - WARNING - (1054, "Unknown column 'investor_id' in 'field list'")
2023-07-12 18:11:28,914 - config.db - WARNING - (1054, "Unknown column 'investor_id' in 'field list'")
2023-07-12 18:11:46,815 - config.db - WARNING - (1054, "Unknown column 'investor_id' in 'field list'")
2023-07-12 18:11:52,396 - config.db - WARNING - (1054, "Unknown column 'investor_id' in 'field list'")
2023-07-12 18:11:52,802 - config.db - WARNING - (1054, "Unknown column 'investor_id' in 'field list'")
2023-07-12 18:11:53,276 - config.db - WARNING - (1054, "Unknown column 'investor_id' in 'field list'")
2023-07-12 18:11:53,774 - config.db - WARNING - (1054, "Unknown column 'investor_id' in 'field list'")
2023-07-12 18:11:54,209 - config.db - WARNING - (1054, "Unknown column 'investor_id' in 'field list'")
2023-07-12 18:11:54,639 - config.db - WARNING - (1054, "Unknown column 'investor_id' in 'field list'")
2023-07-12 18:11:55,442 - config.db - WARNING - (1054, "Unknown column 'investor_id' in 'field list'")
2023-07-12 18:11:55,883 - config.db - WARNING - (1054, "Unknown column 'investor_id' in 'field list'")
2023-07-12 18:11:56,306 - config.db - WARNING - (1054, "Unknown column 'investor_id' in 'field list'")
2023-07-12 19:59:51,899 - config.db - WARNING - (1054, "Unknown column 'investor_id' in 'field list'")
2023-07-12 20:04:10,792 - config.db - WARNING - (1054, "Unknown column 'investor_id' in 'field list'")
2023-07-12 20:06:54,690 - config.db - WARNING - (1054, "Unknown column 'investor_id' in 'field list'")
2023-07-12 20:06:58,068 - config.db - WARNING - (1054, "Unknown column 'investor_id' in 'field list'")
2023-07-12 20:12:40,084 - config.db - WARNING - (1054, "Unknown column 'investor_id' in 'field list'")
2023-07-12 20:12:40,492 - config.db - WARNING - (1054, "Unknown column 'investor_id' in 'field list'")
2023-07-12 20:12:41,915 - config.db - WARNING - (1054, "Unknown column 'investor_id' in 'field list'")
2023-07-12 20:12:42,322 - config.db - WARNING - (1054, "Unknown column 'investor_id' in 'field list'")
2023-07-12 20:13:37,815 - config.db - WARNING - (1054, "Unknown column 'investor_id' in 'field list'")
2023-07-12 20:13:38,243 - config.db - WARNING - (1054, "Unknown column 'investor_id' in 'field list'")
2023-07-12 20:13:38,627 - config.db - WARNING - (1054, "Unknown column 'investor_id' in 'field list'")
2023-07-12 20:13:40,424 - config.db - WARNING - (1054, "Unknown column 'investor_id' in 'field list'")
2023-07-12 20:13:41,199 - config.db - WARNING - (1054, "Unknown column 'investor_id' in 'field list'")
2023-07-12 20:58:57,317 - config.db - WARNING - (1064, "You have an error in your SQL syntax; check the manual that corresponds to your MySQL server version for the right syntax to use near 'm.status=0 where  p.`status` = 1  order by rand() limit 2' at line 1")
2023-07-12 21:15:00,983 - config.db - WARNING - (1064, "You have an error in your SQL syntax; check the manual that corresponds to your MySQL server version for the right syntax to use near 'm.status=0 where  p.`status` = 1  order by rand() limit 2' at line 1")
2023-07-12 21:15:27,850 - config.db - WARNING - (1064, "You have an error in your SQL syntax; check the manual that corresponds to your MySQL server version for the right syntax to use near 'm.status=0 where  p.`status` = 1  order by rand() limit 2' at line 1")
2023-07-12 21:15:49,637 - config.db - WARNING - (1064, "You have an error in your SQL syntax; check the manual that corresponds to your MySQL server version for the right syntax to use near 'm.status=0 where  p.`status` = 1  order by rand() limit 2' at line 1")
2023-07-12 21:15:57,475 - config.db - WARNING - (1064, "You have an error in your SQL syntax; check the manual that corresponds to your MySQL server version for the right syntax to use near 'm.status=0 where  p.`status` = 1  order by rand() limit 1' at line 1")
2023-07-12 21:16:02,936 - config.db - WARNING - (1064, "You have an error in your SQL syntax; check the manual that corresponds to your MySQL server version for the right syntax to use near 'm.status=0 where  p.`status` = 1  order by rand() limit 1' at line 1")
2023-07-12 21:16:46,200 - config.db - WARNING - (1054, "Unknown column 'investor_id' in 'field list'")
2023-07-12 21:16:58,059 - config.db - WARNING - (1054, "Unknown column '1left' in 'on clause'")
2023-07-12 21:18:16,514 - config.db - WARNING - (1054, "Unknown column 'investor_id' in 'field list'")
2023-07-12 21:19:32,646 - config.db - WARNING - (1054, "Unknown column 'investor_id' in 'field list'")
2023-07-12 21:21:23,819 - config.db - WARNING - (1054, "Unknown column 'investor_id' in 'field list'")
2023-07-12 21:22:58,983 - config.db - WARNING - (1054, "Unknown column 'investor_id' in 'field list'")
2023-07-12 21:24:59,625 - config.db - WARNING - (1054, "Unknown column 'investor_id' in 'field list'")
