2023-07-10 14:02:36,532 - config.db - WARNING - (1064, "You have an error in your SQL syntax; check the manual that corresponds to your MySQL server version for the right syntax to use near '' at line 1")
2023-07-10 14:02:36,588 - config.db - WARNING - (1064, "You have an error in your SQL syntax; check the manual that corresponds to your MySQL server version for the right syntax to use near '' at line 1")
2023-07-10 15:40:04,098 - config.db - WARNING - (1146, "Table 'mus.pms_company_project_entrepreneur' doesn't exist")
2023-07-10 17:18:34,291 - config.db - WARNING - (1054, "Unknown column 'investor_id' in 'field list'")
2023-07-10 17:19:09,674 - config.db - WARNING - (1054, "Unknown column 'investor_id' in 'field list'")
2023-07-10 17:21:40,406 - config.db - WARNING - (1054, "Unknown column 'investor_id' in 'field list'")
2023-07-10 17:21:53,301 - config.db - WARNING - (1054, "Unknown column 'investor_id' in 'field list'")
2023-07-10 17:29:01,581 - config.db - WARNING - (1054, "Unknown column 'investor_id' in 'field list'")
2023-07-10 18:03:47,416 - config.db - WARNING - (1064, "You have an error in your SQL syntax; check the manual that corresponds to your MySQL server version for the right syntax to use near 'f.id) from pms_company_financing f inner join pms_company_project p on p.company' at line 1")
2023-07-10 18:04:04,412 - config.db - WARNING - (1064, "You have an error in your SQL syntax; check the manual that corresponds to your MySQL server version for the right syntax to use near 'f.id) from pms_company_financing f inner join pms_company_project p on p.company' at line 1")
2023-07-10 18:04:18,750 - config.db - WARNING - (1064, "You have an error in your SQL syntax; check the manual that corresponds to your MySQL server version for the right syntax to use near 'f.id) from pms_company_financing f inner join pms_company_project p on p.company' at line 1")
2023-07-10 18:21:06,491 - config.db - WARNING - (1064, "You have an error in your SQL syntax; check the manual that corresponds to your MySQL server version for the right syntax to use near 'f.id) from pms_company_financing f inner join pms_company_project p on p.company' at line 1")
2023-07-10 18:24:07,555 - config.db - WARNING - (1064, "You have an error in your SQL syntax; check the manual that corresponds to your MySQL server version for the right syntax to use near 'f.id) from pms_company_financing f inner join pms_company_project p on p.company' at line 1")
2023-07-10 18:24:07,758 - config.db - WARNING - (1054, "Unknown column 'project_id' in 'field list'")
2023-07-10 18:25:46,787 - config.db - WARNING - (1064, "You have an error in your SQL syntax; check the manual that corresponds to your MySQL server version for the right syntax to use near 'f.id) from pms_company_financing f inner join pms_company_project p on p.company' at line 1")
2023-07-10 18:29:34,750 - config.db - WARNING - (1064, "You have an error in your SQL syntax; check the manual that corresponds to your MySQL server version for the right syntax to use near 'f.id) from pms_company_financing f inner join pms_company_project p on p.company' at line 1")
2023-07-10 18:29:34,899 - config.db - WARNING - (1064, "You have an error in your SQL syntax; check the manual that corresponds to your MySQL server version for the right syntax to use near '= 2219353697272192' at line 1")
2023-07-10 18:51:41,477 - config.db - WARNING - (1064, "You have an error in your SQL syntax; check the manual that corresponds to your MySQL server version for the right syntax to use near 'f.id) from pms_company_financing f inner join pms_company_project p on p.company' at line 1")
2023-07-10 18:51:41,679 - config.db - WARNING - (1064, "You have an error in your SQL syntax; check the manual that corresponds to your MySQL server version for the right syntax to use near '= 2219353697272192' at line 1")
2023-07-10 18:54:13,501 - config.db - WARNING - (1064, "You have an error in your SQL syntax; check the manual that corresponds to your MySQL server version for the right syntax to use near 'f.id) from pms_company_financing f inner join pms_company_project p on p.company' at line 1")
2023-07-10 18:54:13,839 - config.db - WARNING - (1064, "You have an error in your SQL syntax; check the manual that corresponds to your MySQL server version for the right syntax to use near '= 2219353697272192' at line 1")
