2023-06-27 10:23:28,405 - config.db - WARNING - (1054, "Unknown column 'certification_time' in 'field list'")
2023-06-27 10:24:43,931 - config.db - WARNING - (1054, "Unknown column 'certification_time' in 'field list'")
2023-06-27 17:46:20,174 - config.db - WARNING - (1146, "Table 'mus.pms_investor' doesn't exist")
2023-06-27 17:46:20,252 - config.db - WARNING - (1054, "Unknown column 'None' in 'where clause'")
2023-06-27 17:46:20,353 - config.db - WARNING - (1054, "Unknown column 'None' in 'where clause'")
2023-06-27 17:46:36,436 - config.db - WARNING - (1146, "Table 'mus.pms_investor' doesn't exist")
2023-06-27 17:46:36,532 - config.db - WARNING - (1054, "Unknown column 'None' in 'where clause'")
2023-06-27 17:46:36,623 - config.db - WARNING - (1054, "Unknown column 'None' in 'where clause'")
2023-06-27 17:47:44,823 - config.db - WARNING - (1146, "Table 'mus.pms_investor' doesn't exist")
2023-06-27 17:47:44,909 - config.db - WARNING - (1054, "Unknown column 'None' in 'where clause'")
2023-06-27 17:47:44,991 - config.db - WARNING - (1054, "Unknown column 'None' in 'where clause'")
2023-06-27 17:47:56,271 - config.db - WARNING - (1146, "Table 'mus.pms_investor' doesn't exist")
2023-06-27 17:47:56,340 - config.db - WARNING - (1054, "Unknown column 'None' in 'where clause'")
2023-06-27 17:47:56,410 - config.db - WARNING - (1054, "Unknown column 'None' in 'where clause'")
2023-06-27 18:04:45,171 - config.db - WARNING - (1064, "You have an error in your SQL syntax; check the manual that corresponds to your MySQL server version for the right syntax to use near 'delete from pms.pms_investor where id=2233504884684292' at line 1")
2023-06-27 18:52:30,300 - config.db - WARNING - (1064, "You have an error in your SQL syntax; check the manual that corresponds to your MySQL server version for the right syntax to use near '`管理员` >0 and `关联的投资人` =0  and `status`=1 and `投资数`>0 lim' at line 1")
2023-06-27 18:52:45,843 - config.db - WARNING - (1064, "You have an error in your SQL syntax; check the manual that corresponds to your MySQL server version for the right syntax to use near '`管理员` >0 and `关联的投资人` =0  and `status`=1 and `投资数`>0 lim' at line 1")
2023-06-27 18:53:47,348 - config.db - WARNING - (1054, "Unknown column '投资数' in 'where clause'")
2023-06-27 19:00:40,361 - config.db - WARNING - (1064, "You have an error in your SQL syntax; check the manual that corresponds to your MySQL server version for the right syntax to use near 'and `投资数`=0  limit 10' at line 1")
2023-06-27 19:01:01,718 - config.db - WARNING - (1064, "You have an error in your SQL syntax; check the manual that corresponds to your MySQL server version for the right syntax to use near 'and `投资数`=0  limit 10' at line 1")
